<?xml version="1.0" encoding="UTF-8"?>
<!-- Generated by org.testng.reporters.JUnitReportReporter -->
<testsuite hostname="Sushravas-MacBook-Air.local" failures="0" tests="1" name="com.grab.tests.TestRunner" time="35.864" errors="0" timestamp="2025-01-26T14:41:40 IST" skipped="0">
  <testcase classname="com.grab.tests.TestRunner" name="runScenario" time="35.864"/>
</testsuite> <!-- com.grab.tests.TestRunner -->
