<?xml version="1.0" encoding="UTF-8"?>
<!-- Generated by org.testng.reporters.JUnitReportReporter -->
<testsuite hostname="Sushravas-MacBook-Air.local" failures="0" tests="1" name="com.mercari.tests.TestRunner" time="33.487" errors="0" timestamp="2025-01-27T21:01:33 IST" skipped="0">
  <testcase classname="com.mercari.tests.TestRunner" name="runScenario" time="33.487"/>
</testsuite> <!-- com.mercari.tests.TestRunner -->
